生成启动时间为 2015/11/24 20:27:55。
     1>项目“D:\Users\Administrator\workspace\小黄笑话\jni\xxxhJniProject\xxxhJniProject.vcxproj”在节点 2 上(rebuild 个目标)。
     1>_PrepareForClean:
         正在删除文件“x64\Release\xxxhJniProject.lastbuildstate”。
     1>C:\Program Files (x86)\MSBuild\Microsoft.Cpp\v4.0\Microsoft.CppBuild.targets(299,5): warning MSB8004: Output 目录未以斜杠结尾。此生成实例将添加斜杠，因为必须有这个斜杠才能正确计算 Output 目录。
       InitializeBuildStatus:
         正在创建“x64\Release\xxxhJniProject.unsuccessfulbuild”，因为已指定“AlwaysCreate”。
       ClCompile:
         d:\Program Files\Microsoft Visual Studio 10.0\VC\bin\x86_amd64\CL.exe /c /Zi /nologo /W3 /WX- /O2 /Oi /GL /D _WINDLL /D _MBCS /Gm- /EHsc /MD /GS /Gy /fp:precise /Zc:wchar_t /Zc:forScope /Fo"x64\Release\\" /Fd"x64\Release\vc100.pdb" /Gd /TC /errorReport:prompt java\RunCmd.c
         RunCmd.c
     1>java\RunCmd.c(21): warning C4267: “初始化”: 从“size_t”转换到“int”，可能丢失数据
     1>java\RunCmd.c(76): warning C4996: 'sprintf': This function or variable may be unsafe. Consider using sprintf_s instead. To disable deprecation, use _CRT_SECURE_NO_WARNINGS. See online help for details.
                 d:\Program Files\Microsoft Visual Studio 10.0\VC\include\stdio.h(371) : 参见“sprintf”的声明
       Link:
         d:\Program Files\Microsoft Visual Studio 10.0\VC\bin\x86_amd64\link.exe /ERRORREPORT:PROMPT /OUT:".\java\xxxhJniProject.dll" /NOLOGO kernel32.lib user32.lib gdi32.lib winspool.lib comdlg32.lib advapi32.lib shell32.lib ole32.lib oleaut32.lib uuid.lib odbc32.lib odbccp32.lib /MANIFEST /ManifestFile:"x64\Release\xxxhJniProject.dll.intermediate.manifest" /MANIFESTUAC:"level='asInvoker' uiAccess='false'" /DEBUG /PDB:"D:\Users\Administrator\workspace\小黄笑话\jni\xxxhJniProject\java\xxxhJniProject.pdb" /OPT:REF /OPT:ICF /LTCG /TLBID:1 /DYNAMICBASE /NXCOMPAT /IMPLIB:".\java\xxxhJniProject.lib" /MACHINE:X64 /DLL x64\Release\RunCmd.obj
            正在创建库 .\java\xxxhJniProject.lib 和对象 .\java\xxxhJniProject.exp
         正在生成代码
         已完成代码的生成
         xxxhJniProject.vcxproj -> D:\Users\Administrator\workspace\小黄笑话\jni\xxxhJniProject\.\java\xxxhJniProject.dll
       Manifest:
         C:\Program Files (x86)\Microsoft SDKs\Windows\v7.0A\bin\mt.exe /nologo /verbose /outputresource:".\java\xxxhJniProject.dll;#2" /manifest x64\Release\xxxhJniProject.dll.intermediate.manifest
       FinalizeBuildStatus:
         正在删除文件“x64\Release\xxxhJniProject.unsuccessfulbuild”。
         正在对“x64\Release\xxxhJniProject.lastbuildstate”执行 Touch 任务。
     1>已完成生成项目“D:\Users\Administrator\workspace\小黄笑话\jni\xxxhJniProject\xxxhJniProject.vcxproj”(rebuild 个目标)的操作。

生成成功。

已用时间 00:00:01.61
