生成启动时间为 2015/11/24 19:18:55。
     1>项目“D:\Users\Administrator\workspace\小黄笑话\jni\xxxhJniProject\xxxhJniProject.vcxproj”在节点 2 上(rebuild 个目标)。
     1>_PrepareForClean:
         正在删除文件“Debug\xxxhJniProject.lastbuildstate”。
       InitializeBuildStatus:
         正在创建“Debug\xxxhJniProject.unsuccessfulbuild”，因为已指定“AlwaysCreate”。
       ClCompile:
         d:\Program Files\Microsoft Visual Studio 10.0\VC\bin\CL.exe /c /ZI /nologo /W3 /WX- /Od /Oy- /D _WINDLL /D _MBCS /Gm /EHsc /RTC1 /MDd /GS /fp:precise /Zc:wchar_t /Zc:forScope /Fo"Debug\\" /Fd"Debug\vc100.pdb" /Gd /TC /analyze- /errorReport:prompt java\RunCmd.c
         RunCmd.c
     1>d:\users\administrator\workspace\小黄笑话\jni\xxxhjniproject\java\runcmd.c(47): warning C4996: 'sprintf': This function or variable may be unsafe. Consider using sprintf_s instead. To disable deprecation, use _CRT_SECURE_NO_WARNINGS. See online help for details.
                 d:\program files\microsoft visual studio 10.0\vc\include\stdio.h(371) : 参见“sprintf”的声明
       Link:
         d:\Program Files\Microsoft Visual Studio 10.0\VC\bin\link.exe /ERRORREPORT:PROMPT /OUT:"D:\Users\Administrator\workspace\小黄笑话\jni\xxxhJniProject\Debug\xxxhJniProject.dll" /NOLOGO kernel32.lib user32.lib gdi32.lib winspool.lib comdlg32.lib advapi32.lib shell32.lib ole32.lib oleaut32.lib uuid.lib odbc32.lib odbccp32.lib /MANIFEST /ManifestFile:"Debug\xxxhJniProject.dll.intermediate.manifest" /MANIFESTUAC:"level='asInvoker' uiAccess='false'" /DEBUG /PDB:"D:\Users\Administrator\workspace\小黄笑话\jni\xxxhJniProject\Debug\xxxhJniProject.pdb" /TLBID:1 /DYNAMICBASE /NXCOMPAT /IMPLIB:"D:\Users\Administrator\workspace\小黄笑话\jni\xxxhJniProject\Debug\xxxhJniProject.lib" /MACHINE:X86 /DLL Debug\RunCmd.obj
            正在创建库 D:\Users\Administrator\workspace\小黄笑话\jni\xxxhJniProject\Debug\xxxhJniProject.lib 和对象 D:\Users\Administrator\workspace\小黄笑话\jni\xxxhJniProject\Debug\xxxhJniProject.exp
         xxxhJniProject.vcxproj -> D:\Users\Administrator\workspace\小黄笑话\jni\xxxhJniProject\Debug\xxxhJniProject.dll
       Manifest:
         C:\Program Files (x86)\Microsoft SDKs\Windows\v7.0A\bin\mt.exe /nologo /verbose /outputresource:"D:\Users\Administrator\workspace\小黄笑话\jni\xxxhJniProject\Debug\xxxhJniProject.dll;#2" /manifest Debug\xxxhJniProject.dll.intermediate.manifest
       FinalizeBuildStatus:
         正在删除文件“Debug\xxxhJniProject.unsuccessfulbuild”。
         正在对“Debug\xxxhJniProject.lastbuildstate”执行 Touch 任务。
     1>已完成生成项目“D:\Users\Administrator\workspace\小黄笑话\jni\xxxhJniProject\xxxhJniProject.vcxproj”(rebuild 个目标)的操作。

生成成功。

已用时间 00:00:01.56
