D:\Users\Administrator\workspace\小黄笑话\jni\xxxhJniProject\Debug\cl.command.1.tlog
D:\Users\Administrator\workspace\小黄笑话\jni\xxxhJniProject\Debug\CL.read.1.tlog
D:\Users\Administrator\workspace\小黄笑话\jni\xxxhJniProject\Debug\CL.write.1.tlog
D:\Users\Administrator\workspace\小黄笑话\jni\xxxhJniProject\Debug\link.command.1.tlog
D:\Users\Administrator\workspace\小黄笑话\jni\xxxhJniProject\Debug\link.read.1.tlog
D:\Users\Administrator\workspace\小黄笑话\jni\xxxhJniProject\Debug\link.write.1.tlog
D:\Users\Administrator\workspace\小黄笑话\jni\xxxhJniProject\Debug\mt.command.1.tlog
D:\Users\Administrator\workspace\小黄笑话\jni\xxxhJniProject\Debug\mt.read.1.tlog
D:\Users\Administrator\workspace\小黄笑话\jni\xxxhJniProject\Debug\mt.write.1.tlog
D:\USERS\ADMINISTRATOR\WORKSPACE\小黄笑话\JNI\XXXHJNIPROJECT\DEBUG\RUNCMD.OBJ
D:\Users\Administrator\workspace\小黄笑话\jni\xxxhJniProject\Debug\vc100.idb
D:\USERS\ADMINISTRATOR\WORKSPACE\小黄笑话\JNI\XXXHJNIPROJECT\DEBUG\VC100.PDB
D:\USERS\ADMINISTRATOR\WORKSPACE\小黄笑话\JNI\XXXHJNIPROJECT\DEBUG\XXXHJNIPROJECT.DLL
D:\USERS\ADMINISTRATOR\WORKSPACE\小黄笑话\JNI\XXXHJNIPROJECT\DEBUG\XXXHJNIPROJECT.DLL.INTERMEDIATE.MANIFEST
D:\Users\Administrator\workspace\小黄笑话\jni\xxxhJniProject\Debug\xxxhJniProject.exp
D:\USERS\ADMINISTRATOR\WORKSPACE\小黄笑话\JNI\XXXHJNIPROJECT\DEBUG\XXXHJNIPROJECT.ILK
D:\Users\Administrator\workspace\小黄笑话\jni\xxxhJniProject\Debug\xxxhJniProject.lib
D:\USERS\ADMINISTRATOR\WORKSPACE\小黄笑话\JNI\XXXHJNIPROJECT\DEBUG\XXXHJNIPROJECT.PDB
D:\Users\Administrator\workspace\小黄笑话\jni\xxxhJniProject\Debug\xxxhJniProject.vcxprojResolveAssemblyReference.cache
D:\Users\Administrator\workspace\小黄笑话\jni\xxxhJniProject\Debug\xxxhJniProject.write.1.tlog
